<?xml version="1.0" encoding="UTF-8"?>
<testng-results skipped="0" failed="0" ignored="0" total="1" passed="1">
  <reporter-output>
  </reporter-output>
  <suite name="Default suite" duration-ms="80" started-at="2019-11-04T09:01:41 IST" finished-at="2019-11-04T09:01:41 IST">
    <groups>
    </groups>
    <test name="Default test" duration-ms="80" started-at="2019-11-04T09:01:41 IST" finished-at="2019-11-04T09:01:41 IST">
      <class name="Ruff.Vinay">
        <test-method status="PASS" signature="setup()[pri:0, instance:Ruff.Vinay@3dd4520b]" name="setup" duration-ms="24" started-at="2019-11-04T09:01:41 IST" finished-at="2019-11-04T09:01:41 IST">
          <reporter-output>
          </reporter-output>
        </test-method> <!-- setup -->
      </class> <!-- Ruff.Vinay -->
    </test> <!-- Default test -->
  </suite> <!-- Default suite -->
</testng-results>
